\BOOKMARK [0][-]{chapter*.1}{\376\377\000M\036\345\000c\000\040\000l\036\345\000c}{}% 1
\BOOKMARK [0][-]{chapter*.2}{\376\377\000D\000a\000n\000h\000\040\000s\000\341\000c\000h\000\040\000H\000\354\000n\000h}{}% 2
\BOOKMARK [0][-]{chapter*.3}{\376\377\000D\000a\000n\000h\000\040\000s\000\341\000c\000h\000\040\000B\036\243\000n\000g}{}% 3
\BOOKMARK [0][-]{chapter.1}{\376\377\000G\000I\036\332\000I\000\040\000T\000H\000I\036\306\000U\000\040\000V\000\300\000\040\000M\000\324\000\040\000T\036\242\000\040\000B\000\300\000I\000\040\000T\000O\000\301\000N}{}% 4
\BOOKMARK [1][-]{section.1.1}{\376\377\000G\000i\036\333\000i\000\040\000t\000h\000i\036\307\000u}{chapter.1}% 5
\BOOKMARK [1][-]{section.1.2}{\376\377\000M\000\364\000\040\000t\036\243\000\040\000b\000\340\000i\000\040\000t\000o\000\341\000n}{chapter.1}% 6
\BOOKMARK [2][-]{subsection.1.2.1}{\376\377\001\020\036\313\000n\000h\000\040\000n\000g\000h\001\051\000a\000\040\000b\000\340\000i\000\040\000t\000o\000\341\000n}{section.1.2}% 7
\BOOKMARK [2][-]{subsection.1.2.2}{\376\377\000M\000\364\000\040\000t\036\243\000\040\000d\036\357\000\040\000l\000i\036\307\000u\000\040\000v\000\340\000\040\001\021\036\267\000c\000\040\000t\000r\001\260\000n\000g\000\040\000y\000\040\000s\000i\000n\000h}{section.1.2}% 8
\BOOKMARK [2][-]{subsection.1.2.3}{\376\377\000P\000h\000\342\000n\000\040\000t\000\355\000c\000h\000\040\001\021\036\267\000c\000\040\001\021\000i\036\303\000m\000\040\000d\036\357\000\040\000l\000i\036\307\000u}{section.1.2}% 9
\BOOKMARK [2][-]{subsection.1.2.4}{\376\377\000P\000h\000\342\000n\000\040\000t\000\355\000c\000h\000\040\001\021\036\267\000c\000\040\001\021\000i\036\303\000m\000\040\000d\036\357\000\040\000l\000i\036\307\000u}{section.1.2}% 10
\BOOKMARK [1][-]{section.1.3}{\376\377\001\020\000\363\000n\000g\000\040\000g\000\363\000p\000\040\000c\000h\000\355\000n\000h\000\040\000c\036\347\000a\000\040\000n\000g\000h\000i\000\352\000n\000\040\000c\036\351\000u}{chapter.1}% 11
\BOOKMARK [0][-]{chapter.2}{\376\377\000C\000\301\000C\000\040\000N\000G\000H\000I\000\312\000N\000\040\000C\036\350\000U\000\040\000C\000\323\000\040\000L\000I\000\312\000N\000\040\000Q\000U\000A\000N}{}% 12
\BOOKMARK [1][-]{section.2.1}{\376\377\000B\000\340\000i\000\040\000t\000o\000\341\000n\000\040\000p\000h\000\342\000n\000\040\000l\000o\036\241\000i\000\040\000\050\000S\036\355\000\040\000d\036\345\000n\000g\000\040\000K\000N\000I\000M\000E\000\051}{chapter.2}% 13
\BOOKMARK [2][-]{subsection.2.1.1}{\376\377\000L\036\361\000a\000\040\000c\000h\036\315\000n\000\040\000T\000h\000u\036\255\000t\000\040\000t\000o\000\341\000n\000\040\000v\000\340\000\040\000C\000\364\000n\000g\000\040\000c\036\345}{section.2.1}% 14
\BOOKMARK [2][-]{subsection.2.1.2}{\376\377\000Q\000u\000y\000\040\000t\000r\000\354\000n\000h\000\040\000X\000\342\000y\000\040\000d\036\361\000n\000g\000\040\000W\000o\000r\000k\000f\000l\000o\000w}{section.2.1}% 15
\BOOKMARK [1][-]{section.2.2}{\376\377\000B\000\340\000i\000\040\000t\000o\000\341\000n\000\040\000g\000o\000m\000\040\000n\000h\000\363\000m\000\040\000\050\000K\000N\000I\000M\000E\000\051}{chapter.2}% 16
\BOOKMARK [2][-]{subsection.2.2.1}{\376\377\000M\036\345\000c\000\040\000t\000i\000\352\000u}{section.2.2}% 17
\BOOKMARK [2][-]{subsection.2.2.2}{\376\377\000P\000h\001\260\001\241\000n\000g\000\040\000p\000h\000\341\000p\000\040\000t\000h\036\361\000c\000\040\000h\000i\036\307\000n}{section.2.2}% 18
\BOOKMARK [2][-]{subsection.2.2.3}{\376\377\000K\036\277\000t\000\040\000q\000u\036\243\000\040\000P\000h\000\342\000n\000\040\000c\036\345\000m\000\040\000v\000\340\000\040\000P\000h\000\342\000n\000\040\000t\000\355\000c\000h\000\040\001\021\036\267\000c\000\040\000t\000r\001\260\000n\000g}{section.2.2}% 19
\BOOKMARK [2][-]{subsection.2.2.4}{\376\377\000T\000h\036\243\000o\000\040\000l\000u\036\255\000n\000\040\000v\000\340\000\040\001\020\036\313\000n\000h\000\040\000d\000a\000n\000h\000\040\000n\000h\000\363\000m\000\040\000\050\000C\000l\000u\000s\000t\000e\000r\000\040\000P\000r\000o\000f\000i\000l\000i\000n\000g\000\051}{section.2.2}% 20
\BOOKMARK [2][-]{subsection.2.2.5}{\376\377\000K\036\277\000t\000\040\000l\000u\036\255\000n}{section.2.2}% 21
\BOOKMARK [1][-]{section.2.3}{\376\377\000T\000r\036\361\000c\000\040\000q\000u\000a\000n\000\040\000h\000\363\000a\000\040\000x\000u\000\040\000h\001\260\036\333\000n\000g\000\040\000\050\000L\000o\000o\000k\000e\000r\000\040\000S\000t\000u\000d\000i\000o\000\051}{chapter.2}% 22
\BOOKMARK [2][-]{subsection.2.3.1}{\376\377\000M\036\345\000c\000\040\000t\000i\000\352\000u\000\040\000t\000r\036\361\000c\000\040\000q\000u\000a\000n\000\040\000h\000\363\000a}{section.2.3}% 23
\BOOKMARK [2][-]{subsection.2.3.2}{\376\377\000C\000h\000u\036\251\000n\000\040\000b\036\313\000\040\000v\000\340\000\040\000c\036\245\000u\000\040\000h\000\354\000n\000h\000\040\000d\036\357\000\040\000l\000i\036\307\000u}{section.2.3}% 24
\BOOKMARK [2][-]{subsection.2.3.3}{\376\377\000T\000h\000i\036\277\000t\000\040\000l\036\255\000p\000\040\000B\000i\036\303\000u\000\040\001\021\036\323\000\040\001\021\001\260\036\335\000n\000g\000\040\000t\000h\000e\000o\000\040\000d\000\365\000i\000\040\000x\000u\000\040\000h\001\260\036\333\000n\000g}{section.2.3}% 25
\BOOKMARK [2][-]{subsection.2.3.4}{\376\377\000K\036\277\000t\000\040\000q\000u\036\243\000\040\000t\000r\036\361\000c\000\040\000q\000u\000a\000n\000\040\000h\000\363\000a}{section.2.3}% 26
\BOOKMARK [2][-]{subsection.2.3.5}{\376\377\000P\000h\000\342\000n\000\040\000t\000\355\000c\000h\000\040\000v\000\340\000\040\000\375\000\040\000n\000g\000h\001\051\000a\000\040\000t\000h\036\361\000c\000\040\000t\000i\036\305\000n}{section.2.3}% 27
\BOOKMARK [1][-]{section.2.4}{\376\377\000D\000i\036\305\000n\000\040\000g\000i\036\243\000i\000\040\000Q\000u\000y\000\040\000t\036\257\000c\000\040\000P\000h\000\342\000n\000\040\000l\000o\036\241\000i\000\040\000t\036\353\000\040\000M\000\364\000\040\000h\000\354\000n\000h\000\040\000C\000\342\000y\000\040\000Q\000u\000y\036\277\000t\000\040\001\021\036\313\000n\000h}{chapter.2}% 28
\BOOKMARK [2][-]{subsection.2.4.1}{\376\377\000P\000h\000\342\000n\000\040\000t\000\355\000c\000h\000\040\000c\036\245\000u\000\040\000t\000r\000\372\000c\000\040\000C\000\342\000y\000\040\000q\000u\000y\036\277\000t\000\040\001\021\036\313\000n\000h}{section.2.4}% 29
\BOOKMARK [2][-]{subsection.2.4.2}{\376\377\000D\000i\036\305\000n\000\040\000g\000i\036\243\000i\000\040\000b\036\331\000\040\000q\000u\000y\000\040\000t\036\257\000c\000\040\000p\000h\000\342\000n\000\040\000l\000o\036\241\000i\000\040\000\050\000C\000l\000a\000s\000s\000i\000f\000i\000c\000a\000t\000i\000o\000n\000\040\000R\000u\000l\000e\000s\000\051}{section.2.4}% 30
\BOOKMARK [2][-]{subsection.2.4.3}{\376\377\000T\000h\036\243\000o\000\040\000l\000u\036\255\000n\000\040\000\375\000\040\000n\000g\000h\001\051\000a\000\040\000Y\000\040\000h\036\315\000c\000\040\000t\036\353\000\040\000Q\000u\000y\000\040\000t\036\257\000c}{section.2.4}% 31
\BOOKMARK [1][-]{section.2.5}{\376\377\000M\000\364\000\040\000h\000\354\000n\000h\000\040\000H\036\323\000i\000\040\000q\000u\000y\000\040\000\050\000K\000N\000I\000M\000E\000\051}{chapter.2}% 32
\BOOKMARK [2][-]{subsection.2.5.1}{\376\377\000M\000\364\000\040\000t\036\243\000\040\000t\036\255\000p\000\040\000d\036\357\000\040\000l\000i\036\307\000u\000\040\000\050\000D\000a\000t\000a\000s\000e\000t\000\040\000D\000e\000s\000c\000r\000i\000p\000t\000i\000o\000n\000\051}{section.2.5}% 33
\BOOKMARK [2][-]{subsection.2.5.2}{\376\377\000Q\000u\000a\000n\000\040\000h\036\307\000\040\000g\000i\036\357\000a\000\040\000b\000i\036\277\000n\000\040\001\021\036\247\000u\000\040\000v\000\340\000o\000\040\000v\000\340\000\040\000b\000i\036\277\000n\000\040\000m\036\345\000c\000\040\000t\000i\000\352\000u\000\040\000c\000h\000a\000r\000g\000e\000s}{section.2.5}% 34
\BOOKMARK [2][-]{subsection.2.5.3}{\376\377\000M\000\364\000\040\000h\000\354\000n\000h\000\040\000w\000o\000r\000k\000f\000l\000o\000w\000\040\000L\000i\000n\000e\000a\000r\000\040\000R\000e\000g\000r\000e\000s\000s\000i\000o\000n\000\040\000t\000r\000o\000n\000g\000\040\000K\000N\000I\000M\000E}{section.2.5}% 35
\BOOKMARK [0][-]{chapter.3}{\376\377\000K\036\276\000T\000\040\000L\000U\036\254\000N\000\040\000V\000\300\000\040\000H\001\257\036\332\000N\000G\000\040\000P\000H\000\301\000T\000\040\000T\000R\000I\036\302\000N}{}% 36
\BOOKMARK [1][-]{section.3.1}{\376\377\000K\036\277\000t\000\040\000l\000u\036\255\000n}{chapter.3}% 37
\BOOKMARK [1][-]{section.3.2}{\376\377\000H\001\260\036\333\000n\000g\000\040\000p\000h\000\341\000t\000\040\000t\000r\000i\036\303\000n}{chapter.3}% 38
\BOOKMARK [0][-]{section.3.2}{\376\377\000T\000\340\000i\000\040\000l\000i\036\307\000u\000\040\000t\000h\000a\000m\000\040\000k\000h\036\243\000o}{}% 39
